\BOOKMARK [0][-]{chapter.1}{Pending issues}{}% 1
\BOOKMARK [0][-]{chapter.2}{Used Tools and Techniques}{}% 2
\BOOKMARK [1][-]{section.2.1}{MadGraph}{chapter.2}% 3
\BOOKMARK [2][-]{subsection.2.1.1}{MadGraph\137v155 version}{section.2.1}% 4
\BOOKMARK [2][-]{subsection.2.1.2}{New MadGraph5\137aMC@NLO version}{section.2.1}% 5
\BOOKMARK [1][-]{section.2.2}{MadWeight}{chapter.2}% 6
\BOOKMARK [2][-]{subsection.2.2.1}{MC\137PERM MadWeight use}{section.2.2}% 7
\BOOKMARK [2][-]{subsection.2.2.2}{Checking MadWeight on localgrid}{section.2.2}% 8
\BOOKMARK [2][-]{subsection.2.2.3}{Influence of the used Transfer Function}{section.2.2}% 9
\BOOKMARK [2][-]{subsection.2.2.4}{Adapting MadWeight to run continously on localgrid}{section.2.2}% 10
\BOOKMARK [1][-]{section.2.3}{MadAnalysis}{chapter.2}% 11
\BOOKMARK [2][-]{subsection.2.3.1}{How to run MadAnalysis in expert mode}{section.2.3}% 12
\BOOKMARK [2][-]{subsection.2.3.2}{Content of analysis file in MadAnalysis}{section.2.3}% 13
\BOOKMARK [2][-]{subsection.2.3.3}{Analyzing the MadGraph files}{section.2.3}% 14
\BOOKMARK [2][-]{subsection.2.3.4}{Width of the decay}{section.2.3}% 15
\BOOKMARK [1][-]{section.2.4}{FeynRules}{chapter.2}% 16
\BOOKMARK [0][-]{chapter.3}{Generator level bottlenecks}{}% 17
\BOOKMARK [1][-]{section.3.1}{Transfer Functions}{chapter.3}% 18
\BOOKMARK [2][-]{subsection.3.1.1}{Comparing ProjectionY distributions}{section.3.1}% 19
\BOOKMARK [1][-]{section.3.2}{Cross Section distribution for new grid}{chapter.3}% 20
\BOOKMARK [1][-]{section.3.3}{First results: Wrong log\(likelihood\) minimum}{chapter.3}% 21
\BOOKMARK [1][-]{section.3.4}{Correct normalisation of Matrix Element probability}{chapter.3}% 22
\BOOKMARK [0][-]{chapter.4}{Preliminary Results}{}% 23
\BOOKMARK [1][-]{section.4.1}{Results on reconstructed level}{chapter.4}% 24
\BOOKMARK [1][-]{section.4.2}{Background influence}{chapter.4}% 25
\BOOKMARK [0][-]{chapter.5}{Understanding Results Obtained With MadWeight}{}% 26
\BOOKMARK [1][-]{section.5.1}{Comparing the two used MadWeight versions}{chapter.5}% 27
\BOOKMARK [1][-]{section.5.2}{Individual weight distribution for condsidered gridpoints}{chapter.5}% 28
\BOOKMARK [0][-]{chapter.6}{Analyzing created FeynRules model}{}% 29
\BOOKMARK [1][-]{section.6.1}{Normalized coupling parameters}{chapter.6}% 30
\BOOKMARK [1][-]{section.6.2}{Understanding parameters larger than 1}{chapter.6}% 31
\BOOKMARK [2][-]{subsection.6.2.1}{Performed checks}{section.6.2}% 32
\BOOKMARK [0][-]{chapter.7}{Event Selection}{}% 33
\BOOKMARK [1][-]{section.7.1}{Choice of b-tag requirements}{chapter.7}% 34
\BOOKMARK [2][-]{subsection.7.1.1}{Signal vs background comparison}{section.7.1}% 35
\BOOKMARK [1][-]{section.7.2}{Use of mlb 2 method for selecting the correct b-jets}{chapter.7}% 36
\BOOKMARK [1][-]{section.7.3}{Histograms for event selection choice}{chapter.7}% 37
\BOOKMARK [1][-]{section.7.4}{Considering 2 or 3 light jets}{chapter.7}% 38
\BOOKMARK [2][-]{subsection.7.4.1}{Event selection numbers comparison}{section.7.4}% 39
\BOOKMARK [2][-]{subsection.7.4.2}{Mlb-algorithm numbers comparison}{section.7.4}% 40
\BOOKMARK [2][-]{subsection.7.4.3}{Compare efficiencies for 3rd jet with 1st and 2nd}{section.7.4}% 41
\BOOKMARK [2][-]{subsection.7.4.4}{Considering separate categories}{section.7.4}% 42
\BOOKMARK [1][-]{section.7.5}{Studying optimal cut on 2 value}{chapter.7}% 43
\BOOKMARK [2][-]{subsection.7.5.1}{2 required to be smaller than 5}{section.7.5}% 44
\BOOKMARK [2][-]{subsection.7.5.2}{2 required to be smaller than 3}{section.7.5}% 45
\BOOKMARK [2][-]{subsection.7.5.3}{2 required to be smaller than 1}{section.7.5}% 46
\BOOKMARK [1][-]{section.7.6}{Influence of using pT cuts suggested by the TOP reference selection Twiki}{chapter.7}% 47
\BOOKMARK [2][-]{subsection.7.6.1}{Influence on choice of b-tag option and use of 2 mlb - mqqb method}{section.7.6}% 48
\BOOKMARK [0][-]{chapter.8}{Event corrections and reconstruction}{}% 49
\BOOKMARK [1][-]{section.8.1}{Which event corrections should be applied?}{chapter.8}% 50
\BOOKMARK [2][-]{subsection.8.1.1}{Trigger choice}{section.8.1}% 51
\BOOKMARK [2][-]{subsection.8.1.2}{Lumi- or PileUp Reweighting}{section.8.1}% 52
\BOOKMARK [2][-]{subsection.8.1.3}{Lepton Scale Factors}{section.8.1}% 53
\BOOKMARK [2][-]{subsection.8.1.4}{Jet Energy Correction factors}{section.8.1}% 54
\BOOKMARK [2][-]{subsection.8.1.5}{Jet corrections \(on the fly ...\)}{section.8.1}% 55
\BOOKMARK [1][-]{section.8.2}{Choice of Monte Carlo samples}{chapter.8}% 56
